<?xml version="1.0" encoding="UTF-8"?>
<TestRun id="12b3571e-32d7-4c5b-96cc-a61849fccaa6" name="Joe@JOELAPTOPNEW 2010-08-20 12:34:59" runUser="VOLARE\Joe" xmlns="http://microsoft.com/schemas/VisualStudio/TeamTest/2010">
  <TestSettings name="Default Test Settings" id="564b57a1-d60a-48c5-8ee6-b11545ea3be4">
    <Execution>
      <TestTypeSpecific />
      <AgentRule name="Execution Agents">
      </AgentRule>
    </Execution>
    <Deployment runDeploymentRoot="Joe_JOELAPTOPNEW 2010-08-20 12_34_59" />
  </TestSettings>
  <Times creation="2010-08-20T12:34:59.5718136-06:00" queuing="2010-08-20T12:35:00.2248789-06:00" start="2010-08-20T12:35:00.4919056-06:00" finish="2010-08-20T12:35:01.1359700-06:00" />
  <ResultSummary outcome="Failed">
    <Counters total="20" executed="20" passed="19" error="0" failed="1" timeout="0" aborted="0" inconclusive="0" passedButRunAborted="0" notRunnable="0" notExecuted="0" disconnected="0" warning="0" completed="0" inProgress="0" pending="0" />
    <RunInfos>
      <RunInfo computerName="JOELAPTOPNEW" outcome="Warning" timestamp="2010-08-20T12:35:00.0728637-06:00">
        <Text>Warning: Test Run deployment issue: The assembly or module 'Microsoft.Web.Mvc' directly or indirectly referenced by the test container 'c:\my projects\volare\presentations\mvc 2 - denver .net group\testing\testing.tests\bin\debug\testing.tests.dll' was not found.</Text>
      </RunInfo>
    </RunInfos>
  </ResultSummary>
  <TestDefinitions>
    <UnitTest name="ChangePassword_Post_ReturnsViewIfModelStateIsInvalid" storage="c:\my projects\volare\presentations\mvc 2 - denver .net group\testing\testing.tests\bin\debug\testing.tests.dll" id="76f1522f-ff7c-96c3-c71d-aaaa1352e1f7">
      <Execution timeOut="1800000" id="d0c6b71e-e759-4f4c-85c8-2ad3ea942954" />
      <TestMethod codeBase="C:/My Projects/Volare/Presentations/MVC 2 - Denver .NET Group/Testing/Testing.Tests/bin/Debug/Testing.Tests.DLL" adapterTypeName="Microsoft.VisualStudio.TestTools.TestTypes.Unit.UnitTestAdapter, Microsoft.VisualStudio.QualityTools.Tips.UnitTest.Adapter, Version=10.0.0.0, Culture=neutral, PublicKeyToken=b03f5f7f11d50a3a" className="Testing.Tests.Controllers.AccountControllerTest, Testing.Tests, Version=1.0.0.0, Culture=neutral, PublicKeyToken=null" name="ChangePassword_Post_ReturnsViewIfModelStateIsInvalid" />
    </UnitTest>
    <UnitTest name="LogOff_LogsOutAndRedirects" storage="c:\my projects\volare\presentations\mvc 2 - denver .net group\testing\testing.tests\bin\debug\testing.tests.dll" id="34afe769-a2f3-6a0f-80da-ef8fdbf95d10">
      <Execution timeOut="1800000" id="60c33b9b-6494-4bf3-9793-500d60f0d726" />
      <TestMethod codeBase="C:/My Projects/Volare/Presentations/MVC 2 - Denver .NET Group/Testing/Testing.Tests/bin/Debug/Testing.Tests.DLL" adapterTypeName="Microsoft.VisualStudio.TestTools.TestTypes.Unit.UnitTestAdapter, Microsoft.VisualStudio.QualityTools.Tips.UnitTest.Adapter, Version=10.0.0.0, Culture=neutral, PublicKeyToken=b03f5f7f11d50a3a" className="Testing.Tests.Controllers.AccountControllerTest, Testing.Tests, Version=1.0.0.0, Culture=neutral, PublicKeyToken=null" name="LogOff_LogsOutAndRedirects" />
    </UnitTest>
    <UnitTest name="ChangePassword_Post_ReturnsViewIfChangePasswordFails" storage="c:\my projects\volare\presentations\mvc 2 - denver .net group\testing\testing.tests\bin\debug\testing.tests.dll" id="e50dadac-0559-e6fa-da65-f3e24dcb0fca">
      <Execution timeOut="1800000" id="3c7476bf-8671-4627-9f9e-685ca57fae62" />
      <TestMethod codeBase="C:/My Projects/Volare/Presentations/MVC 2 - Denver .NET Group/Testing/Testing.Tests/bin/Debug/Testing.Tests.DLL" adapterTypeName="Microsoft.VisualStudio.TestTools.TestTypes.Unit.UnitTestAdapter, Microsoft.VisualStudio.QualityTools.Tips.UnitTest.Adapter, Version=10.0.0.0, Culture=neutral, PublicKeyToken=b03f5f7f11d50a3a" className="Testing.Tests.Controllers.AccountControllerTest, Testing.Tests, Version=1.0.0.0, Culture=neutral, PublicKeyToken=null" name="ChangePassword_Post_ReturnsViewIfChangePasswordFails" />
    </UnitTest>
    <UnitTest name="Register_Get_ReturnsView" storage="c:\my projects\volare\presentations\mvc 2 - denver .net group\testing\testing.tests\bin\debug\testing.tests.dll" id="b05ee96d-db98-83cd-3995-d19617561b51">
      <Execution timeOut="1800000" id="d77629a2-3fed-4453-8f8d-53641ff46567" />
      <TestMethod codeBase="C:/My Projects/Volare/Presentations/MVC 2 - Denver .NET Group/Testing/Testing.Tests/bin/Debug/Testing.Tests.DLL" adapterTypeName="Microsoft.VisualStudio.TestTools.TestTypes.Unit.UnitTestAdapter, Microsoft.VisualStudio.QualityTools.Tips.UnitTest.Adapter, Version=10.0.0.0, Culture=neutral, PublicKeyToken=b03f5f7f11d50a3a" className="Testing.Tests.Controllers.AccountControllerTest, Testing.Tests, Version=1.0.0.0, Culture=neutral, PublicKeyToken=null" name="Register_Get_ReturnsView" />
    </UnitTest>
    <UnitTest name="LogOn_Post_ReturnsRedirectOnSuccess_WithoutReturnUrl" storage="c:\my projects\volare\presentations\mvc 2 - denver .net group\testing\testing.tests\bin\debug\testing.tests.dll" id="db31dd7f-1e92-c00a-6f27-894d984d821f">
      <Execution timeOut="1800000" id="f7c87775-7312-4993-9020-ab2aba37ccc7" />
      <TestMethod codeBase="C:/My Projects/Volare/Presentations/MVC 2 - Denver .NET Group/Testing/Testing.Tests/bin/Debug/Testing.Tests.DLL" adapterTypeName="Microsoft.VisualStudio.TestTools.TestTypes.Unit.UnitTestAdapter, Microsoft.VisualStudio.QualityTools.Tips.UnitTest.Adapter, Version=10.0.0.0, Culture=neutral, PublicKeyToken=b03f5f7f11d50a3a" className="Testing.Tests.Controllers.AccountControllerTest, Testing.Tests, Version=1.0.0.0, Culture=neutral, PublicKeyToken=null" name="LogOn_Post_ReturnsRedirectOnSuccess_WithoutReturnUrl" />
    </UnitTest>
    <UnitTest name="LogOn_Post_ReturnsViewIfModelStateIsInvalid" storage="c:\my projects\volare\presentations\mvc 2 - denver .net group\testing\testing.tests\bin\debug\testing.tests.dll" id="4c9a66ac-37dc-b064-e121-37ce30bee324">
      <Execution timeOut="1800000" id="df8eee0f-6da3-4fa5-be3b-a912fd1ad20f" />
      <TestMethod codeBase="C:/My Projects/Volare/Presentations/MVC 2 - Denver .NET Group/Testing/Testing.Tests/bin/Debug/Testing.Tests.DLL" adapterTypeName="Microsoft.VisualStudio.TestTools.TestTypes.Unit.UnitTestAdapter, Microsoft.VisualStudio.QualityTools.Tips.UnitTest.Adapter, Version=10.0.0.0, Culture=neutral, PublicKeyToken=b03f5f7f11d50a3a" className="Testing.Tests.Controllers.AccountControllerTest, Testing.Tests, Version=1.0.0.0, Culture=neutral, PublicKeyToken=null" name="LogOn_Post_ReturnsViewIfModelStateIsInvalid" />
    </UnitTest>
    <UnitTest name="LogOn_Post_ReturnsViewIfValidateUserFails" storage="c:\my projects\volare\presentations\mvc 2 - denver .net group\testing\testing.tests\bin\debug\testing.tests.dll" id="6dc6a311-b035-b932-b277-dc3c3d44d0bd">
      <Execution timeOut="1800000" id="a5cf8896-c8f3-4547-a805-6d4f95e34053" />
      <TestMethod codeBase="C:/My Projects/Volare/Presentations/MVC 2 - Denver .NET Group/Testing/Testing.Tests/bin/Debug/Testing.Tests.DLL" adapterTypeName="Microsoft.VisualStudio.TestTools.TestTypes.Unit.UnitTestAdapter, Microsoft.VisualStudio.QualityTools.Tips.UnitTest.Adapter, Version=10.0.0.0, Culture=neutral, PublicKeyToken=b03f5f7f11d50a3a" className="Testing.Tests.Controllers.AccountControllerTest, Testing.Tests, Version=1.0.0.0, Culture=neutral, PublicKeyToken=null" name="LogOn_Post_ReturnsViewIfValidateUserFails" />
    </UnitTest>
    <UnitTest name="LogOn_Post_ReturnsRedirectOnSuccess_WithReturnUrl" storage="c:\my projects\volare\presentations\mvc 2 - denver .net group\testing\testing.tests\bin\debug\testing.tests.dll" id="8d70192c-baa4-6257-36c9-c74b5ee95fd0">
      <Execution timeOut="1800000" id="58f89503-3033-4014-9d97-368760f3e298" />
      <TestMethod codeBase="C:/My Projects/Volare/Presentations/MVC 2 - Denver .NET Group/Testing/Testing.Tests/bin/Debug/Testing.Tests.DLL" adapterTypeName="Microsoft.VisualStudio.TestTools.TestTypes.Unit.UnitTestAdapter, Microsoft.VisualStudio.QualityTools.Tips.UnitTest.Adapter, Version=10.0.0.0, Culture=neutral, PublicKeyToken=b03f5f7f11d50a3a" className="Testing.Tests.Controllers.AccountControllerTest, Testing.Tests, Version=1.0.0.0, Culture=neutral, PublicKeyToken=null" name="LogOn_Post_ReturnsRedirectOnSuccess_WithReturnUrl" />
    </UnitTest>
    <UnitTest name="Register_Post_ReturnsViewIfModelStateIsInvalid" storage="c:\my projects\volare\presentations\mvc 2 - denver .net group\testing\testing.tests\bin\debug\testing.tests.dll" id="02d5400a-24d0-c437-3f7a-053e6506d5bc">
      <Execution timeOut="1800000" id="72c37ea8-d93a-4a59-b409-c3d77557891a" />
      <TestMethod codeBase="C:/My Projects/Volare/Presentations/MVC 2 - Denver .NET Group/Testing/Testing.Tests/bin/Debug/Testing.Tests.DLL" adapterTypeName="Microsoft.VisualStudio.TestTools.TestTypes.Unit.UnitTestAdapter, Microsoft.VisualStudio.QualityTools.Tips.UnitTest.Adapter, Version=10.0.0.0, Culture=neutral, PublicKeyToken=b03f5f7f11d50a3a" className="Testing.Tests.Controllers.AccountControllerTest, Testing.Tests, Version=1.0.0.0, Culture=neutral, PublicKeyToken=null" name="Register_Post_ReturnsViewIfModelStateIsInvalid" />
    </UnitTest>
    <UnitTest name="Register_Post_ReturnsRedirectOnSuccess" storage="c:\my projects\volare\presentations\mvc 2 - denver .net group\testing\testing.tests\bin\debug\testing.tests.dll" id="ecbee6ec-e852-712f-bcb8-355bd1fcac89">
      <Execution timeOut="1800000" id="ad9d25f4-b0a8-4834-8936-91be02454ce6" />
      <TestMethod codeBase="C:/My Projects/Volare/Presentations/MVC 2 - Denver .NET Group/Testing/Testing.Tests/bin/Debug/Testing.Tests.DLL" adapterTypeName="Microsoft.VisualStudio.TestTools.TestTypes.Unit.UnitTestAdapter, Microsoft.VisualStudio.QualityTools.Tips.UnitTest.Adapter, Version=10.0.0.0, Culture=neutral, PublicKeyToken=b03f5f7f11d50a3a" className="Testing.Tests.Controllers.AccountControllerTest, Testing.Tests, Version=1.0.0.0, Culture=neutral, PublicKeyToken=null" name="Register_Post_ReturnsRedirectOnSuccess" />
    </UnitTest>
    <UnitTest name="Should_map_Home_Index_routes_correctly" storage="c:\my projects\volare\presentations\mvc 2 - denver .net group\testing\testing.tests\bin\debug\testing.tests.dll" id="6525b5dd-15bd-1330-1e61-26ed90a1f4fb">
      <Execution timeOut="1800000" id="4a8081b5-b2bf-44a8-b69f-8fba7fcd2978" />
      <TestMethod codeBase="C:/My Projects/Volare/Presentations/MVC 2 - Denver .NET Group/Testing/Testing.Tests/bin/Debug/Testing.Tests.DLL" adapterTypeName="Microsoft.VisualStudio.TestTools.TestTypes.Unit.UnitTestAdapter, Microsoft.VisualStudio.QualityTools.Tips.UnitTest.Adapter, Version=10.0.0.0, Culture=neutral, PublicKeyToken=b03f5f7f11d50a3a" className="Testing.Tests.RoutingTests, Testing.Tests, Version=1.0.0.0, Culture=neutral, PublicKeyToken=null" name="Should_map_Home_Index_routes_correctly" />
    </UnitTest>
    <UnitTest name="LogOn_Get_ReturnsView" storage="c:\my projects\volare\presentations\mvc 2 - denver .net group\testing\testing.tests\bin\debug\testing.tests.dll" id="09b9ff9a-e200-2438-7a3c-75dd69832ccc">
      <Execution timeOut="1800000" id="6eb4b54b-9090-48e8-8240-1bb510e74a29" />
      <TestMethod codeBase="C:/My Projects/Volare/Presentations/MVC 2 - Denver .NET Group/Testing/Testing.Tests/bin/Debug/Testing.Tests.DLL" adapterTypeName="Microsoft.VisualStudio.TestTools.TestTypes.Unit.UnitTestAdapter, Microsoft.VisualStudio.QualityTools.Tips.UnitTest.Adapter, Version=10.0.0.0, Culture=neutral, PublicKeyToken=b03f5f7f11d50a3a" className="Testing.Tests.Controllers.AccountControllerTest, Testing.Tests, Version=1.0.0.0, Culture=neutral, PublicKeyToken=null" name="LogOn_Get_ReturnsView" />
    </UnitTest>
    <UnitTest name="ChangePassword_Get_ReturnsView" storage="c:\my projects\volare\presentations\mvc 2 - denver .net group\testing\testing.tests\bin\debug\testing.tests.dll" id="69a7cb7a-628f-5c9c-6279-adccc8496164">
      <Execution timeOut="1800000" id="badcb4a4-50ac-48ee-a74a-f03269d3b497" />
      <TestMethod codeBase="C:/My Projects/Volare/Presentations/MVC 2 - Denver .NET Group/Testing/Testing.Tests/bin/Debug/Testing.Tests.DLL" adapterTypeName="Microsoft.VisualStudio.TestTools.TestTypes.Unit.UnitTestAdapter, Microsoft.VisualStudio.QualityTools.Tips.UnitTest.Adapter, Version=10.0.0.0, Culture=neutral, PublicKeyToken=b03f5f7f11d50a3a" className="Testing.Tests.Controllers.AccountControllerTest, Testing.Tests, Version=1.0.0.0, Culture=neutral, PublicKeyToken=null" name="ChangePassword_Get_ReturnsView" />
    </UnitTest>
    <UnitTest name="Should_map_This_Is_So_Cool_route_correctly" storage="c:\my projects\volare\presentations\mvc 2 - denver .net group\testing\testing.tests\bin\debug\testing.tests.dll" id="e5d440ee-7ba5-f570-2cd9-110e30b8d672">
      <Execution timeOut="1800000" id="42629526-9338-4eb0-b947-c6e132d76140" />
      <TestMethod codeBase="C:/My Projects/Volare/Presentations/MVC 2 - Denver .NET Group/Testing/Testing.Tests/bin/Debug/Testing.Tests.DLL" adapterTypeName="Microsoft.VisualStudio.TestTools.TestTypes.Unit.UnitTestAdapter, Microsoft.VisualStudio.QualityTools.Tips.UnitTest.Adapter, Version=10.0.0.0, Culture=neutral, PublicKeyToken=b03f5f7f11d50a3a" className="Testing.Tests.RoutingTests, Testing.Tests, Version=1.0.0.0, Culture=neutral, PublicKeyToken=null" name="Should_map_This_Is_So_Cool_route_correctly" />
    </UnitTest>
    <UnitTest name="Should_map_Home_About_routes_correctly" storage="c:\my projects\volare\presentations\mvc 2 - denver .net group\testing\testing.tests\bin\debug\testing.tests.dll" id="7ad9fcd7-5cd9-71a7-29e6-2c0f736e138c">
      <Execution timeOut="1800000" id="942b3923-fb50-4f91-9f11-2e4a38acf773" />
      <TestMethod codeBase="C:/My Projects/Volare/Presentations/MVC 2 - Denver .NET Group/Testing/Testing.Tests/bin/Debug/Testing.Tests.DLL" adapterTypeName="Microsoft.VisualStudio.TestTools.TestTypes.Unit.UnitTestAdapter, Microsoft.VisualStudio.QualityTools.Tips.UnitTest.Adapter, Version=10.0.0.0, Culture=neutral, PublicKeyToken=b03f5f7f11d50a3a" className="Testing.Tests.RoutingTests, Testing.Tests, Version=1.0.0.0, Culture=neutral, PublicKeyToken=null" name="Should_map_Home_About_routes_correctly" />
    </UnitTest>
    <UnitTest name="Index" storage="c:\my projects\volare\presentations\mvc 2 - denver .net group\testing\testing.tests\bin\debug\testing.tests.dll" id="9fe5cb14-d085-5dd3-b529-ee7cfc4f7bef">
      <Execution timeOut="1800000" id="be5b1996-60ce-4b0c-9c1b-4306fe40f526" />
      <TestMethod codeBase="C:/My Projects/Volare/Presentations/MVC 2 - Denver .NET Group/Testing/Testing.Tests/bin/Debug/Testing.Tests.DLL" adapterTypeName="Microsoft.VisualStudio.TestTools.TestTypes.Unit.UnitTestAdapter, Microsoft.VisualStudio.QualityTools.Tips.UnitTest.Adapter, Version=10.0.0.0, Culture=neutral, PublicKeyToken=b03f5f7f11d50a3a" className="Testing.Tests.Controllers.HomeControllerTest, Testing.Tests, Version=1.0.0.0, Culture=neutral, PublicKeyToken=null" name="Index" />
    </UnitTest>
    <UnitTest name="ChangePasswordSuccess_ReturnsView" storage="c:\my projects\volare\presentations\mvc 2 - denver .net group\testing\testing.tests\bin\debug\testing.tests.dll" id="645ed3bc-9280-42cf-4cc1-862897802915">
      <Execution timeOut="1800000" id="68b8840b-cc25-4a20-83c8-49a073c46d41" />
      <TestMethod codeBase="C:/My Projects/Volare/Presentations/MVC 2 - Denver .NET Group/Testing/Testing.Tests/bin/Debug/Testing.Tests.DLL" adapterTypeName="Microsoft.VisualStudio.TestTools.TestTypes.Unit.UnitTestAdapter, Microsoft.VisualStudio.QualityTools.Tips.UnitTest.Adapter, Version=10.0.0.0, Culture=neutral, PublicKeyToken=b03f5f7f11d50a3a" className="Testing.Tests.Controllers.AccountControllerTest, Testing.Tests, Version=1.0.0.0, Culture=neutral, PublicKeyToken=null" name="ChangePasswordSuccess_ReturnsView" />
    </UnitTest>
    <UnitTest name="ChangePassword_Post_ReturnsRedirectOnSuccess" storage="c:\my projects\volare\presentations\mvc 2 - denver .net group\testing\testing.tests\bin\debug\testing.tests.dll" id="d0e5e6bd-e83d-5da9-746d-c56927da05a2">
      <Execution timeOut="1800000" id="2cca5bcc-5333-4b32-a572-1a2a2d7ebae1" />
      <TestMethod codeBase="C:/My Projects/Volare/Presentations/MVC 2 - Denver .NET Group/Testing/Testing.Tests/bin/Debug/Testing.Tests.DLL" adapterTypeName="Microsoft.VisualStudio.TestTools.TestTypes.Unit.UnitTestAdapter, Microsoft.VisualStudio.QualityTools.Tips.UnitTest.Adapter, Version=10.0.0.0, Culture=neutral, PublicKeyToken=b03f5f7f11d50a3a" className="Testing.Tests.Controllers.AccountControllerTest, Testing.Tests, Version=1.0.0.0, Culture=neutral, PublicKeyToken=null" name="ChangePassword_Post_ReturnsRedirectOnSuccess" />
    </UnitTest>
    <UnitTest name="About" storage="c:\my projects\volare\presentations\mvc 2 - denver .net group\testing\testing.tests\bin\debug\testing.tests.dll" id="5cf557d1-3108-c1fa-a761-c31dcc544579">
      <Execution timeOut="1800000" id="7dc646b3-3ec0-4788-abc5-434c00660247" />
      <TestMethod codeBase="C:/My Projects/Volare/Presentations/MVC 2 - Denver .NET Group/Testing/Testing.Tests/bin/Debug/Testing.Tests.DLL" adapterTypeName="Microsoft.VisualStudio.TestTools.TestTypes.Unit.UnitTestAdapter, Microsoft.VisualStudio.QualityTools.Tips.UnitTest.Adapter, Version=10.0.0.0, Culture=neutral, PublicKeyToken=b03f5f7f11d50a3a" className="Testing.Tests.Controllers.HomeControllerTest, Testing.Tests, Version=1.0.0.0, Culture=neutral, PublicKeyToken=null" name="About" />
    </UnitTest>
    <UnitTest name="Register_Post_ReturnsViewIfRegistrationFails" storage="c:\my projects\volare\presentations\mvc 2 - denver .net group\testing\testing.tests\bin\debug\testing.tests.dll" id="6bc95157-c472-2cb9-50bc-855d5ec0a193">
      <Execution timeOut="1800000" id="e41c66fa-0aa0-4276-a145-961eeec812f5" />
      <TestMethod codeBase="C:/My Projects/Volare/Presentations/MVC 2 - Denver .NET Group/Testing/Testing.Tests/bin/Debug/Testing.Tests.DLL" adapterTypeName="Microsoft.VisualStudio.TestTools.TestTypes.Unit.UnitTestAdapter, Microsoft.VisualStudio.QualityTools.Tips.UnitTest.Adapter, Version=10.0.0.0, Culture=neutral, PublicKeyToken=b03f5f7f11d50a3a" className="Testing.Tests.Controllers.AccountControllerTest, Testing.Tests, Version=1.0.0.0, Culture=neutral, PublicKeyToken=null" name="Register_Post_ReturnsViewIfRegistrationFails" />
    </UnitTest>
  </TestDefinitions>
  <TestLists>
    <TestList name="Results Not in a List" id="8c84fa94-04c1-424b-9868-57a2d4851a1d" />
    <TestList name="All Loaded Results" id="19431567-8539-422a-85d7-44ee4e166bda" />
  </TestLists>
  <TestEntries>
    <TestEntry testId="69a7cb7a-628f-5c9c-6279-adccc8496164" executionId="badcb4a4-50ac-48ee-a74a-f03269d3b497" testListId="8c84fa94-04c1-424b-9868-57a2d4851a1d" />
    <TestEntry testId="d0e5e6bd-e83d-5da9-746d-c56927da05a2" executionId="2cca5bcc-5333-4b32-a572-1a2a2d7ebae1" testListId="8c84fa94-04c1-424b-9868-57a2d4851a1d" />
    <TestEntry testId="e50dadac-0559-e6fa-da65-f3e24dcb0fca" executionId="3c7476bf-8671-4627-9f9e-685ca57fae62" testListId="8c84fa94-04c1-424b-9868-57a2d4851a1d" />
    <TestEntry testId="76f1522f-ff7c-96c3-c71d-aaaa1352e1f7" executionId="d0c6b71e-e759-4f4c-85c8-2ad3ea942954" testListId="8c84fa94-04c1-424b-9868-57a2d4851a1d" />
    <TestEntry testId="645ed3bc-9280-42cf-4cc1-862897802915" executionId="68b8840b-cc25-4a20-83c8-49a073c46d41" testListId="8c84fa94-04c1-424b-9868-57a2d4851a1d" />
    <TestEntry testId="34afe769-a2f3-6a0f-80da-ef8fdbf95d10" executionId="60c33b9b-6494-4bf3-9793-500d60f0d726" testListId="8c84fa94-04c1-424b-9868-57a2d4851a1d" />
    <TestEntry testId="09b9ff9a-e200-2438-7a3c-75dd69832ccc" executionId="6eb4b54b-9090-48e8-8240-1bb510e74a29" testListId="8c84fa94-04c1-424b-9868-57a2d4851a1d" />
    <TestEntry testId="db31dd7f-1e92-c00a-6f27-894d984d821f" executionId="f7c87775-7312-4993-9020-ab2aba37ccc7" testListId="8c84fa94-04c1-424b-9868-57a2d4851a1d" />
    <TestEntry testId="8d70192c-baa4-6257-36c9-c74b5ee95fd0" executionId="58f89503-3033-4014-9d97-368760f3e298" testListId="8c84fa94-04c1-424b-9868-57a2d4851a1d" />
    <TestEntry testId="4c9a66ac-37dc-b064-e121-37ce30bee324" executionId="df8eee0f-6da3-4fa5-be3b-a912fd1ad20f" testListId="8c84fa94-04c1-424b-9868-57a2d4851a1d" />
    <TestEntry testId="6dc6a311-b035-b932-b277-dc3c3d44d0bd" executionId="a5cf8896-c8f3-4547-a805-6d4f95e34053" testListId="8c84fa94-04c1-424b-9868-57a2d4851a1d" />
    <TestEntry testId="b05ee96d-db98-83cd-3995-d19617561b51" executionId="d77629a2-3fed-4453-8f8d-53641ff46567" testListId="8c84fa94-04c1-424b-9868-57a2d4851a1d" />
    <TestEntry testId="ecbee6ec-e852-712f-bcb8-355bd1fcac89" executionId="ad9d25f4-b0a8-4834-8936-91be02454ce6" testListId="8c84fa94-04c1-424b-9868-57a2d4851a1d" />
    <TestEntry testId="02d5400a-24d0-c437-3f7a-053e6506d5bc" executionId="72c37ea8-d93a-4a59-b409-c3d77557891a" testListId="8c84fa94-04c1-424b-9868-57a2d4851a1d" />
    <TestEntry testId="6bc95157-c472-2cb9-50bc-855d5ec0a193" executionId="e41c66fa-0aa0-4276-a145-961eeec812f5" testListId="8c84fa94-04c1-424b-9868-57a2d4851a1d" />
    <TestEntry testId="5cf557d1-3108-c1fa-a761-c31dcc544579" executionId="7dc646b3-3ec0-4788-abc5-434c00660247" testListId="8c84fa94-04c1-424b-9868-57a2d4851a1d" />
    <TestEntry testId="9fe5cb14-d085-5dd3-b529-ee7cfc4f7bef" executionId="be5b1996-60ce-4b0c-9c1b-4306fe40f526" testListId="8c84fa94-04c1-424b-9868-57a2d4851a1d" />
    <TestEntry testId="7ad9fcd7-5cd9-71a7-29e6-2c0f736e138c" executionId="942b3923-fb50-4f91-9f11-2e4a38acf773" testListId="8c84fa94-04c1-424b-9868-57a2d4851a1d" />
    <TestEntry testId="6525b5dd-15bd-1330-1e61-26ed90a1f4fb" executionId="4a8081b5-b2bf-44a8-b69f-8fba7fcd2978" testListId="8c84fa94-04c1-424b-9868-57a2d4851a1d" />
    <TestEntry testId="e5d440ee-7ba5-f570-2cd9-110e30b8d672" executionId="42629526-9338-4eb0-b947-c6e132d76140" testListId="8c84fa94-04c1-424b-9868-57a2d4851a1d" />
  </TestEntries>
  <Results>
    <UnitTestResult executionId="badcb4a4-50ac-48ee-a74a-f03269d3b497" testId="69a7cb7a-628f-5c9c-6279-adccc8496164" testName="ChangePassword_Get_ReturnsView" computerName="JOELAPTOPNEW" duration="00:00:00.0284169" startTime="2010-08-20T12:35:00.5049069-06:00" endTime="2010-08-20T12:35:00.5959160-06:00" testType="13cdc9d9-ddb5-4fa4-a97d-d965ccfc6d4b" outcome="Passed" testListId="8c84fa94-04c1-424b-9868-57a2d4851a1d" relativeResultsDirectory="badcb4a4-50ac-48ee-a74a-f03269d3b497">
    </UnitTestResult>
    <UnitTestResult executionId="2cca5bcc-5333-4b32-a572-1a2a2d7ebae1" testId="d0e5e6bd-e83d-5da9-746d-c56927da05a2" testName="ChangePassword_Post_ReturnsRedirectOnSuccess" computerName="JOELAPTOPNEW" duration="00:00:00.0092059" startTime="2010-08-20T12:35:00.6059170-06:00" endTime="2010-08-20T12:35:00.6229187-06:00" testType="13cdc9d9-ddb5-4fa4-a97d-d965ccfc6d4b" outcome="Passed" testListId="8c84fa94-04c1-424b-9868-57a2d4851a1d" relativeResultsDirectory="2cca5bcc-5333-4b32-a572-1a2a2d7ebae1">
    </UnitTestResult>
    <UnitTestResult executionId="3c7476bf-8671-4627-9f9e-685ca57fae62" testId="e50dadac-0559-e6fa-da65-f3e24dcb0fca" testName="ChangePassword_Post_ReturnsViewIfChangePasswordFails" computerName="JOELAPTOPNEW" duration="00:00:00.0025582" startTime="2010-08-20T12:35:00.6249189-06:00" endTime="2010-08-20T12:35:00.6279192-06:00" testType="13cdc9d9-ddb5-4fa4-a97d-d965ccfc6d4b" outcome="Passed" testListId="8c84fa94-04c1-424b-9868-57a2d4851a1d" relativeResultsDirectory="3c7476bf-8671-4627-9f9e-685ca57fae62">
    </UnitTestResult>
    <UnitTestResult executionId="d0c6b71e-e759-4f4c-85c8-2ad3ea942954" testId="76f1522f-ff7c-96c3-c71d-aaaa1352e1f7" testName="ChangePassword_Post_ReturnsViewIfModelStateIsInvalid" computerName="JOELAPTOPNEW" duration="00:00:00.0004912" startTime="2010-08-20T12:35:00.6289193-06:00" endTime="2010-08-20T12:35:00.6299194-06:00" testType="13cdc9d9-ddb5-4fa4-a97d-d965ccfc6d4b" outcome="Passed" testListId="8c84fa94-04c1-424b-9868-57a2d4851a1d" relativeResultsDirectory="d0c6b71e-e759-4f4c-85c8-2ad3ea942954">
    </UnitTestResult>
    <UnitTestResult executionId="68b8840b-cc25-4a20-83c8-49a073c46d41" testId="645ed3bc-9280-42cf-4cc1-862897802915" testName="ChangePasswordSuccess_ReturnsView" computerName="JOELAPTOPNEW" duration="00:00:00.0002460" startTime="2010-08-20T12:35:00.6319196-06:00" endTime="2010-08-20T12:35:00.6349199-06:00" testType="13cdc9d9-ddb5-4fa4-a97d-d965ccfc6d4b" outcome="Passed" testListId="8c84fa94-04c1-424b-9868-57a2d4851a1d" relativeResultsDirectory="68b8840b-cc25-4a20-83c8-49a073c46d41">
    </UnitTestResult>
    <UnitTestResult executionId="60c33b9b-6494-4bf3-9793-500d60f0d726" testId="34afe769-a2f3-6a0f-80da-ef8fdbf95d10" testName="LogOff_LogsOutAndRedirects" computerName="JOELAPTOPNEW" duration="00:00:00.0006749" startTime="2010-08-20T12:35:00.6359200-06:00" endTime="2010-08-20T12:35:00.6379202-06:00" testType="13cdc9d9-ddb5-4fa4-a97d-d965ccfc6d4b" outcome="Passed" testListId="8c84fa94-04c1-424b-9868-57a2d4851a1d" relativeResultsDirectory="60c33b9b-6494-4bf3-9793-500d60f0d726">
    </UnitTestResult>
    <UnitTestResult executionId="6eb4b54b-9090-48e8-8240-1bb510e74a29" testId="09b9ff9a-e200-2438-7a3c-75dd69832ccc" testName="LogOn_Get_ReturnsView" computerName="JOELAPTOPNEW" duration="00:00:00.0002390" startTime="2010-08-20T12:35:00.6389203-06:00" endTime="2010-08-20T12:35:00.6399204-06:00" testType="13cdc9d9-ddb5-4fa4-a97d-d965ccfc6d4b" outcome="Passed" testListId="8c84fa94-04c1-424b-9868-57a2d4851a1d" relativeResultsDirectory="6eb4b54b-9090-48e8-8240-1bb510e74a29">
    </UnitTestResult>
    <UnitTestResult executionId="f7c87775-7312-4993-9020-ab2aba37ccc7" testId="db31dd7f-1e92-c00a-6f27-894d984d821f" testName="LogOn_Post_ReturnsRedirectOnSuccess_WithoutReturnUrl" computerName="JOELAPTOPNEW" duration="00:00:00.0015310" startTime="2010-08-20T12:35:00.6409205-06:00" endTime="2010-08-20T12:35:00.6429207-06:00" testType="13cdc9d9-ddb5-4fa4-a97d-d965ccfc6d4b" outcome="Passed" testListId="8c84fa94-04c1-424b-9868-57a2d4851a1d" relativeResultsDirectory="f7c87775-7312-4993-9020-ab2aba37ccc7">
    </UnitTestResult>
    <UnitTestResult executionId="58f89503-3033-4014-9d97-368760f3e298" testId="8d70192c-baa4-6257-36c9-c74b5ee95fd0" testName="LogOn_Post_ReturnsRedirectOnSuccess_WithReturnUrl" computerName="JOELAPTOPNEW" duration="00:00:00.0009851" startTime="2010-08-20T12:35:00.6439208-06:00" endTime="2010-08-20T12:35:00.6469211-06:00" testType="13cdc9d9-ddb5-4fa4-a97d-d965ccfc6d4b" outcome="Passed" testListId="8c84fa94-04c1-424b-9868-57a2d4851a1d" relativeResultsDirectory="58f89503-3033-4014-9d97-368760f3e298">
    </UnitTestResult>
    <UnitTestResult executionId="df8eee0f-6da3-4fa5-be3b-a912fd1ad20f" testId="4c9a66ac-37dc-b064-e121-37ce30bee324" testName="LogOn_Post_ReturnsViewIfModelStateIsInvalid" computerName="JOELAPTOPNEW" duration="00:00:00.0002852" startTime="2010-08-20T12:35:00.6489213-06:00" endTime="2010-08-20T12:35:00.6499214-06:00" testType="13cdc9d9-ddb5-4fa4-a97d-d965ccfc6d4b" outcome="Passed" testListId="8c84fa94-04c1-424b-9868-57a2d4851a1d" relativeResultsDirectory="df8eee0f-6da3-4fa5-be3b-a912fd1ad20f">
    </UnitTestResult>
    <UnitTestResult executionId="a5cf8896-c8f3-4547-a805-6d4f95e34053" testId="6dc6a311-b035-b932-b277-dc3c3d44d0bd" testName="LogOn_Post_ReturnsViewIfValidateUserFails" computerName="JOELAPTOPNEW" duration="00:00:00.0003427" startTime="2010-08-20T12:35:00.6519216-06:00" endTime="2010-08-20T12:35:00.6529217-06:00" testType="13cdc9d9-ddb5-4fa4-a97d-d965ccfc6d4b" outcome="Passed" testListId="8c84fa94-04c1-424b-9868-57a2d4851a1d" relativeResultsDirectory="a5cf8896-c8f3-4547-a805-6d4f95e34053">
    </UnitTestResult>
    <UnitTestResult executionId="d77629a2-3fed-4453-8f8d-53641ff46567" testId="b05ee96d-db98-83cd-3995-d19617561b51" testName="Register_Get_ReturnsView" computerName="JOELAPTOPNEW" duration="00:00:00.0003548" startTime="2010-08-20T12:35:00.6539218-06:00" endTime="2010-08-20T12:35:00.6559220-06:00" testType="13cdc9d9-ddb5-4fa4-a97d-d965ccfc6d4b" outcome="Passed" testListId="8c84fa94-04c1-424b-9868-57a2d4851a1d" relativeResultsDirectory="d77629a2-3fed-4453-8f8d-53641ff46567">
    </UnitTestResult>
    <UnitTestResult executionId="ad9d25f4-b0a8-4834-8936-91be02454ce6" testId="ecbee6ec-e852-712f-bcb8-355bd1fcac89" testName="Register_Post_ReturnsRedirectOnSuccess" computerName="JOELAPTOPNEW" duration="00:00:00.0013220" startTime="2010-08-20T12:35:00.6569221-06:00" endTime="2010-08-20T12:35:00.6589223-06:00" testType="13cdc9d9-ddb5-4fa4-a97d-d965ccfc6d4b" outcome="Passed" testListId="8c84fa94-04c1-424b-9868-57a2d4851a1d" relativeResultsDirectory="ad9d25f4-b0a8-4834-8936-91be02454ce6">
    </UnitTestResult>
    <UnitTestResult executionId="72c37ea8-d93a-4a59-b409-c3d77557891a" testId="02d5400a-24d0-c437-3f7a-053e6506d5bc" testName="Register_Post_ReturnsViewIfModelStateIsInvalid" computerName="JOELAPTOPNEW" duration="00:00:00.0003189" startTime="2010-08-20T12:35:00.6609225-06:00" endTime="2010-08-20T12:35:00.6619226-06:00" testType="13cdc9d9-ddb5-4fa4-a97d-d965ccfc6d4b" outcome="Passed" testListId="8c84fa94-04c1-424b-9868-57a2d4851a1d" relativeResultsDirectory="72c37ea8-d93a-4a59-b409-c3d77557891a">
    </UnitTestResult>
    <UnitTestResult executionId="e41c66fa-0aa0-4276-a145-961eeec812f5" testId="6bc95157-c472-2cb9-50bc-855d5ec0a193" testName="Register_Post_ReturnsViewIfRegistrationFails" computerName="JOELAPTOPNEW" duration="00:00:00.0005110" startTime="2010-08-20T12:35:00.6639228-06:00" endTime="2010-08-20T12:35:00.6649229-06:00" testType="13cdc9d9-ddb5-4fa4-a97d-d965ccfc6d4b" outcome="Passed" testListId="8c84fa94-04c1-424b-9868-57a2d4851a1d" relativeResultsDirectory="e41c66fa-0aa0-4276-a145-961eeec812f5">
    </UnitTestResult>
    <UnitTestResult executionId="7dc646b3-3ec0-4788-abc5-434c00660247" testId="5cf557d1-3108-c1fa-a761-c31dcc544579" testName="About" computerName="JOELAPTOPNEW" duration="00:00:00.0233909" startTime="2010-08-20T12:35:00.6669231-06:00" endTime="2010-08-20T12:35:00.6909255-06:00" testType="13cdc9d9-ddb5-4fa4-a97d-d965ccfc6d4b" outcome="Failed" testListId="8c84fa94-04c1-424b-9868-57a2d4851a1d" relativeResultsDirectory="7dc646b3-3ec0-4788-abc5-434c00660247">
      <Output>
        <ErrorInfo>
          <Message>Assert.IsNull failed. </Message>
          <StackTrace>   at Testing.Tests.Controllers.HomeControllerTest.About() in C:\My Projects\Volare\Presentations\MVC 2 - Denver .NET Group\Testing\Testing.Tests\Controllers\HomeControllerTest.cs:line 41
</StackTrace>
        </ErrorInfo>
      </Output>
    </UnitTestResult>
    <UnitTestResult executionId="be5b1996-60ce-4b0c-9c1b-4306fe40f526" testId="9fe5cb14-d085-5dd3-b529-ee7cfc4f7bef" testName="Index" computerName="JOELAPTOPNEW" duration="00:00:00.0002742" startTime="2010-08-20T12:35:00.6929257-06:00" endTime="2010-08-20T12:35:00.6949259-06:00" testType="13cdc9d9-ddb5-4fa4-a97d-d965ccfc6d4b" outcome="Passed" testListId="8c84fa94-04c1-424b-9868-57a2d4851a1d" relativeResultsDirectory="be5b1996-60ce-4b0c-9c1b-4306fe40f526">
    </UnitTestResult>
    <UnitTestResult executionId="942b3923-fb50-4f91-9f11-2e4a38acf773" testId="7ad9fcd7-5cd9-71a7-29e6-2c0f736e138c" testName="Should_map_Home_About_routes_correctly" computerName="JOELAPTOPNEW" duration="00:00:00.3446964" startTime="2010-08-20T12:35:00.6969261-06:00" endTime="2010-08-20T12:35:01.0429607-06:00" testType="13cdc9d9-ddb5-4fa4-a97d-d965ccfc6d4b" outcome="Passed" testListId="8c84fa94-04c1-424b-9868-57a2d4851a1d" relativeResultsDirectory="942b3923-fb50-4f91-9f11-2e4a38acf773">
    </UnitTestResult>
    <UnitTestResult executionId="4a8081b5-b2bf-44a8-b69f-8fba7fcd2978" testId="6525b5dd-15bd-1330-1e61-26ed90a1f4fb" testName="Should_map_Home_Index_routes_correctly" computerName="JOELAPTOPNEW" duration="00:00:00.0065874" startTime="2010-08-20T12:35:01.0439608-06:00" endTime="2010-08-20T12:35:01.0629627-06:00" testType="13cdc9d9-ddb5-4fa4-a97d-d965ccfc6d4b" outcome="Passed" testListId="8c84fa94-04c1-424b-9868-57a2d4851a1d" relativeResultsDirectory="4a8081b5-b2bf-44a8-b69f-8fba7fcd2978">
    </UnitTestResult>
    <UnitTestResult executionId="42629526-9338-4eb0-b947-c6e132d76140" testId="e5d440ee-7ba5-f570-2cd9-110e30b8d672" testName="Should_map_This_Is_So_Cool_route_correctly" computerName="JOELAPTOPNEW" duration="00:00:00.0022715" startTime="2010-08-20T12:35:01.0639628-06:00" endTime="2010-08-20T12:35:01.0679632-06:00" testType="13cdc9d9-ddb5-4fa4-a97d-d965ccfc6d4b" outcome="Passed" testListId="8c84fa94-04c1-424b-9868-57a2d4851a1d" relativeResultsDirectory="42629526-9338-4eb0-b947-c6e132d76140">
    </UnitTestResult>
  </Results>
</TestRun>